Using pre-set license
Built from '2020.3/staging' branch; Version is '2020.3.11f1 (99c7afb366b3) revision 10078127'; Using compiler version '192528614'; Build Type 'Release'
OS: 'Windows 10 Home; OS build 19043.1415; Version 2009; 64bit' Language: 'en' Physical Memory: 16235 MB
BatchMode: 1, IsHumanControllingUs: 0, StartBugReporterOnCrash: 0, Is64bit: 1, IsPro: 0

 COMMAND LINE ARGUMENTS:
C:\Program Files\Unity\Hub\Editor\2020.3.11f1\Editor\Unity.exe
-adb2
-batchMode
-noUpm
-name
AssetImportWorker1
-projectPath
D:/WLTExperiments
-logFile
Logs/AssetImportWorker1.log
-srvPort
53015
Successfully changed project path to: D:/WLTExperiments
D:/WLTExperiments
Using Asset Import Pipeline V2.
Refreshing native plugins compatible for Editor in 108.51 ms, found 28 plugins.
Preloading 0 native plugins for Editor in 0.00 ms.
Initialize engine version: 2020.3.11f1 (99c7afb366b3)
[Subsystems] Discovering subsystems at path C:/Program Files/Unity/Hub/Editor/2020.3.11f1/Editor/Data/Resources/UnitySubsystems
[Subsystems] Discovering subsystems at path D:/WLTExperiments/Assets
GfxDevice: creating device client; threaded=0
Direct3D:
    Version:  Direct3D 11.0 [level 11.1]
    Renderer: NVIDIA GeForce GTX 1050 Ti (ID=0x1c8c)
    Vendor:   
    VRAM:     4018 MB
    Driver:   30.0.14.7212
Initialize mono
Mono path[0] = 'C:/Program Files/Unity/Hub/Editor/2020.3.11f1/Editor/Data/Managed'
Mono path[1] = 'C:/Program Files/Unity/Hub/Editor/2020.3.11f1/Editor/Data/MonoBleedingEdge/lib/mono/unityjit'
Mono config path = 'C:/Program Files/Unity/Hub/Editor/2020.3.11f1/Editor/Data/MonoBleedingEdge/etc'
Using monoOptions --debugger-agent=transport=dt_socket,embedding=1,server=y,suspend=n,address=127.0.0.1:56304
Begin MonoManager ReloadAssembly
Registering precompiled unity dll's ...
Register platform support module: C:/Program Files/Unity/Hub/Editor/2020.3.11f1/Editor/Data/PlaybackEngines/WindowsStandaloneSupport/UnityEditor.WindowsStandalone.Extensions.dll
Registered in 0.002350 seconds.
Native extension for WindowsStandalone target not found
Refreshing native plugins compatible for Editor in 80.20 ms, found 28 plugins.
Preloading 0 native plugins for Editor in 0.00 ms.
Mono: successfully reloaded assembly
- Completed reload, in  2.301 seconds
Platform modules already initialized, skipping
Registering precompiled user dll's ...
Registered in 0.011092 seconds.
Begin MonoManager ReloadAssembly
Native extension for WindowsStandalone target not found
Refreshing native plugins compatible for Editor in 81.10 ms, found 28 plugins.
Preloading 0 native plugins for Editor in 0.00 ms.
DisplayProgressbar: Restoring NuGet Packages
[XR] [MROpenXR][Info   ][09:20:34.992743][tid:930] MeshProvider_RegisterLifecycleProvider
[XR] [MROpenXR][Info   ][09:20:34.992839][tid:930] InputProvider_RegisterLifeCycleProvider
Added DLL directory D:\WLTExperiments\Assets\Packages\Microsoft.VCRTForwarders.140.1.0.5\Unity\x64 to the user search path.
UnityEngine.StackTraceUtility:ExtractStackTrace ()
UnityEngine.DebugLogHandler:LogFormat (UnityEngine.LogType,UnityEngine.Object,string,object[])
UnityEngine.Logger:Log (UnityEngine.LogType,object)
UnityEngine.Debug:Log (object)
InitVCRTForwarders:.cctor () (at Assets/Packages/Microsoft.VCRTForwarders.140.1.0.5/Unity/Editor/InitVCRTForwarders.cs:53)
System.Runtime.CompilerServices.RuntimeHelpers:RunClassConstructor (System.RuntimeTypeHandle)
UnityEditor.EditorAssemblies:ProcessInitializeOnLoadAttributes (System.Type[])

(Filename: Assets/Packages/Microsoft.VCRTForwarders.140.1.0.5/Unity/Editor/InitVCRTForwarders.cs Line: 53)

Added DLL directory D:\WLTExperiments\Assets\Packages\Microsoft.MixedReality.QR.0.5.3011\Unity\x64 to the user search path.
UnityEngine.StackTraceUtility:ExtractStackTrace ()
UnityEngine.DebugLogHandler:LogFormat (UnityEngine.LogType,UnityEngine.Object,string,object[])
UnityEngine.Logger:Log (UnityEngine.LogType,object)
UnityEngine.Debug:Log (object)
Microsoft.MixedReality.QR.Init:.cctor () (at Assets/Packages/Microsoft.MixedReality.QR.0.5.3011/Unity/Editor/Microsoft.MixedReality.QR.Init.cs:60)
System.Runtime.CompilerServices.RuntimeHelpers:RunClassConstructor (System.RuntimeTypeHandle)
UnityEditor.EditorAssemblies:ProcessInitializeOnLoadAttributes (System.Type[])

(Filename: Assets/Packages/Microsoft.MixedReality.QR.0.5.3011/Unity/Editor/Microsoft.MixedReality.QR.Init.cs Line: 60)

[XR] Error loading subsystem: Display (1) (header mismatch?)
Mono: successfully reloaded assembly
- Completed reload, in  3.365 seconds
Platform modules already initialized, skipping
========================================================================
Worker process is ready to serve import requests
Launched and connected shader compiler UnityShaderCompiler.exe after 0.05 seconds
Refreshing native plugins compatible for Editor in 1.31 ms, found 28 plugins.
Preloading 0 native plugins for Editor in 0.00 ms.
Unloading 3742 Unused Serialized files (Serialized files now loaded: 0)
System memory in use before: 170.9 MB.
System memory in use after: 170.6 MB.

Unloading 620 unused Assets to reduce memory usage. Loaded Objects now: 4067.
Total: 5.385800 ms (FindLiveObjects: 0.370600 ms CreateObjectMapping: 0.178500 ms MarkObjects: 4.258800 ms  DeleteObjects: 0.576900 ms)

========================================================================
Received Import Request.
  path: Assets/Scenes/QRSpacePinsLocal.unity
  artifactKey: Guid(80d561801460e554485a8a7137e7a813) Importer(815301076,1909f56bfc062723c751e8b465ee728b)
Start importing Assets/Scenes/QRSpacePinsLocal.unity using Guid(80d561801460e554485a8a7137e7a813) Importer(815301076,1909f56bfc062723c751e8b465ee728b)  -> (artifact id: 'd040fddc5352efe81dbb994fced525bf') in 0.021942 seconds
  Import took 0.078363 seconds .

========================================================================
Received Import Request.
  Time since last request: 0.000338 seconds.
  path: Assets/Editor/xyzrgbImporter.cs
  artifactKey: Guid(dbc8a2db721ba714e8c16ba9be3945f3) Importer(815301076,1909f56bfc062723c751e8b465ee728b)
Start importing Assets/Editor/xyzrgbImporter.cs using Guid(dbc8a2db721ba714e8c16ba9be3945f3) Importer(815301076,1909f56bfc062723c751e8b465ee728b)  -> (artifact id: '57f67cb80b98d2cc3e1ad40e3b946257') in 0.032581 seconds
  Import took 0.038669 seconds .

========================================================================
Received Import Request.
  Time since last request: 21.808979 seconds.
  path: Assets/Terrain/DenseCloudIrchelpark.xyzrgb
  artifactKey: Guid(e6eb18e4575662a4592fba03989987ad) Importer(815301076,1909f56bfc062723c751e8b465ee728b)
Start importing Assets/Terrain/DenseCloudIrchelpark.xyzrgb using Guid(e6eb18e4575662a4592fba03989987ad) Importer(815301076,1909f56bfc062723c751e8b465ee728b)  -> (artifact id: '2f798aa84a7d835e081c9b94db9374b9') in 0.156265 seconds
  Import took 0.238335 seconds .

========================================================================
Received Prepare
Registering precompiled user dll's ...
Registered in 0.013743 seconds.
Begin MonoManager ReloadAssembly
Native extension for WindowsStandalone target not found
Refreshing native plugins compatible for Editor in 2.45 ms, found 28 plugins.
Preloading 0 native plugins for Editor in 0.00 ms.
Error when attempting to update scene info fields. Scene info data may be stale.
UnityEngine.StackTraceUtility:ExtractStackTrace ()
UnityEngine.DebugLogHandler:LogFormat (UnityEngine.LogType,UnityEngine.Object,string,object[])
UnityEngine.Logger:Log (UnityEngine.LogType,object)
UnityEngine.Debug:LogWarning (object)
Microsoft.MixedReality.Toolkit.Editor.SceneInfoUtils:RefreshSceneInfoFieldsInScriptableObjects () (at Library/PackageCache/com.microsoft.mixedreality.toolkit.foundation@460270660430-1634485709965/Core/Inspectors/PropertyDrawers/SceneInfoUtils.cs:313)
Microsoft.MixedReality.Toolkit.Editor.SceneInfoUtils:InitializeOnLoad () (at Library/PackageCache/com.microsoft.mixedreality.toolkit.foundation@460270660430-1634485709965/Core/Inspectors/PropertyDrawers/SceneInfoUtils.cs:231)

(Filename: Library/PackageCache/com.microsoft.mixedreality.toolkit.foundation@460270660430-1634485709965/Core/Inspectors/PropertyDrawers/SceneInfoUtils.cs Line: 313)

Mono: successfully reloaded assembly
- Completed reload, in  3.271 seconds
Platform modules already initialized, skipping
Switching build target platform(19) subTarget(0) extendedPlatform(0) -> platform(21) subTarget(0) extendedPlatform(0)
Refreshing native plugins compatible for Editor in 1.73 ms, found 28 plugins.
Preloading 0 native plugins for Editor in 0.00 ms.
Unloading 3657 Unused Serialized files (Serialized files now loaded: 0)
System memory in use before: 202.6 MB.
System memory in use after: 202.3 MB.

Unloading 437 unused Assets to reduce memory usage. Loaded Objects now: 4075.
Total: 3.998900 ms (FindLiveObjects: 0.417200 ms CreateObjectMapping: 0.195000 ms MarkObjects: 2.999200 ms  DeleteObjects: 0.386500 ms)

========================================================================
Received Import Request.
  Time since last request: 540.453867 seconds.
  path: Assets/Terrain/DenseCloudIrchelpark.xyzrgb
  artifactKey: Guid(e6eb18e4575662a4592fba03989987ad) Importer(815301076,1909f56bfc062723c751e8b465ee728b)
Start importing Assets/Terrain/DenseCloudIrchelpark.xyzrgb using Guid(e6eb18e4575662a4592fba03989987ad) Importer(815301076,1909f56bfc062723c751e8b465ee728b)  -> (artifact id: '97d4cdaf07ac0f1bbcfabf79b139f609') in 0.070128 seconds
  Import took 0.102087 seconds .

========================================================================
Received Import Request.
  Time since last request: 8534.111502 seconds.
  path: Assets/Editor/xyzrgbImporter.cs
  artifactKey: Guid(dbc8a2db721ba714e8c16ba9be3945f3) Importer(815301076,1909f56bfc062723c751e8b465ee728b)
Start importing Assets/Editor/xyzrgbImporter.cs using Guid(dbc8a2db721ba714e8c16ba9be3945f3) Importer(815301076,1909f56bfc062723c751e8b465ee728b)  -> (artifact id: '1d7ade936f173d6490d8702409b0b450') in 0.007937 seconds
  Import took 0.047874 seconds .

AssetImportWorkerClient::OnTransportError - code=2 error=End of file
